Compiled on Nov 21 2012 14:22:10

ChangeLog
Version 2.2.0
20100609. PSP mode
20100527. Allow for multiple consecutive > in the header
20081128. ZOOPS mode is allow to have sequences that are shorter than span
20081115. Modified the chooseBestSite routine to use P(Y_i > 0)
20080807. Code cleanup for GIMSAN
20080625. Output of background model frequency
20080625. Out of range sequence are counted toward char 'X'
20080408. Increased span-capacity and fixed bug where span may be larger than minimum seqlen.

/home/yzolotarov/gimsan_cmdline/gibbsmarkov/gibbsmarkov.out /home/yzolotarov/gimsan_cmdline/20121121_KS_dehydrins_promoters_dicots.fas//nullset/null-00012.fa -l 8 -gibbsamp -best_clr -cput 300 -L 200 -ds -zoops 0.200000 -markov 5 -p 0.05 -em 0 

Filename: /home/yzolotarov/gimsan_cmdline/20121121_KS_dehydrins_promoters_dicots.fas//nullset/null-00012.fa
Number of sequences: 20
Total residues: 20000
Average sequence length: 1000.0
Minimum sequence length: 1000
Maximum sequence length: 1000
Include reverse-complement: yes
Span: 8
Random seed: 1353527992

Number of motifs to be printed: 1

Stopping criterion: CPU-time
CPU time in seconds: 300

Rapid convergence: on
Iterations plateau (-L): 200
Number of trial iterations: 5
Phase-shift frequency (-ps): 0.40

Occurrences per sequence: Bayesian ZOOPS
Bayesian ZOOPS pseudoweight: 0.20

Pseudo-weight (-p): 0.05
Sampling Technique: Gibbs Sampler

Order of Markov background (-markov): 5
Markov background model: GibbsMarkov
Background dimension: Aggregate
Background file (-bfile): /home/yzolotarov/gimsan_cmdline/20121121_KS_dehydrins_promoters_dicots.fas//nullset/null-00012.fa
Position-specific prior file (-psp): none

Scoring scheme: CLR
EM iterations (-em): 0

Input FASTA freq of A: 0.3497
Input FASTA freq of C: 0.1503
Input FASTA freq of G: 0.1503
Input FASTA freq of T: 0.3497

Background model freq of A: 0.3497
Background model freq of C: 0.1503
Background model freq of G: 0.1503
Background model freq of T: 0.3497


All of the following scores are computed after EM (if applicable).
Log Markovian-ILR generated from sites without pseudocount: 21.56
Log Markovian-CLR generated from sites without pseudocount: 13.50
Log(CLR) normalized by number of sequences: 0.6748
Score for ranking runs: 13.50

Motif profile generated from sites:
Pos  [ 0]  [ 1]  [ 2]  [ 3]  [ 4]  [ 5]  [ 6]  [ 7] 
A    0.00  0.00  0.12  0.62  0.00  0.25  1.00  0.00 
C    0.00  0.00  0.00  0.00  0.00  0.25  0.00  1.00 
G    1.00  0.00  0.88  0.38  1.00  0.00  0.00  0.00 
T    0.00  1.00  0.00  0.00  0.00  0.50  0.00  0.00 

Flanking regions:
Pos  [-5]  [-4]  [-3]  [-2]  [-1]   ||   [ 8]  [ 9]  [10]  [11]  [12] 
A    0.38  0.50  0.25  0.25  0.50   ||   0.75  0.50  0.50  0.12  0.00 
C    0.12  0.12  0.12  0.12  0.12   ||   0.00  0.12  0.00  0.38  0.25 
G    0.12  0.12  0.00  0.12  0.12   ||   0.00  0.12  0.12  0.25  0.25 
T    0.38  0.25  0.62  0.50  0.25   ||   0.25  0.25  0.38  0.12  0.38 
X    0.00  0.00  0.00  0.00  0.00   ||   0.00  0.00  0.00  0.12  0.12 

Motif span: 8
Motif weight/width: 8
Consensus motif: GTGAGNAC
Number of predicted sites: 8 (40.00%)

Sequence range is from 0 to (number of sequences - 1).
Motif sites are in range 1 to length or -1 to -length.
Sequence   0: motif site   -980  (   973)
Sequence   1: motif site   -125  (   118)
Sequence   2: motif site    179  (  -186)
Sequence   3: motif site   none  (  none)
Sequence   4: motif site    105  (  -112)
Sequence   5: motif site   none  (  none)
Sequence   6: motif site     42  (   -49)
Sequence   7: motif site   none  (  none)
Sequence   8: motif site   none  (  none)
Sequence   9: motif site   none  (  none)
Sequence  10: motif site   none  (  none)
Sequence  11: motif site   none  (  none)
Sequence  12: motif site    -11  (     4)
Sequence  13: motif site   none  (  none)
Sequence  14: motif site   none  (  none)
Sequence  15: motif site   none  (  none)
Sequence  16: motif site   none  (  none)
Sequence  17: motif site   -343  (   336)
Sequence  18: motif site     72  (   -79)
Sequence  19: motif site   none  (  none)

Alignments and FASTA-headers:
  0   aatca    980 GTGAGTAC 973    tatcc  (-) Score=   3.882  >id=0012-0000 tag=[COLD47OA_04_1621bp_1170prom] markov-order=3
  1   tatat    125 GTGAGAAC 118    aatct  (-) Score=   2.442  >id=0012-0001 tag=[Glyma16g04190|Gmax] markov-order=3
  2   tatag    179 GTGGGTAC 186    aaagg  (+) Score=   1.861  >id=0012-0002 tag=[474716|Alyrata] markov-order=3
  4   agtta    105 GTGGGTAC 112    agatc  (+) Score=   3.181  >id=0012-0004 tag=[Glyma19g29210|Gmax] markov-order=3
  6   gtctt     42 GTGAGAAC 49     attct  (+) Score=   1.613  >id=0012-0006 tag=[evm.TU.supercontig_79.59|Cpapaya] markov-order=3
 12   attta     11 GTGAGCAC 4      ata    (-) Score=   3.595  >id=0012-0012 tag=[cassava4.1_019931m.g|Mesculenta] markov-order=3
 17   ccata    343 GTAGGCAC 336    taggt  (-) Score=   3.163  >id=0012-0017 tag=[Aquca_004_00603|Acoerulea] markov-order=3
 18   taagc     72 GTGAGTAC 79     acaag  (+) Score=   1.757  >id=0012-0018 tag=[Lus10020271.g|Lusitatissimum] markov-order=3

FASTA-header of sequences with zero occurrences:
  3  >id=0012-0003 tag=[Glyma16g04200|Gmax] markov-order=3
  5  >id=0012-0005 tag=[evm.TU.supercontig_161.14|Cpapaya] markov-order=3
  7  >id=0012-0007 tag=[30072.t000037|Rcommunis] markov-order=3
  8  >id=0012-0008 tag=[Cucsa.338040|Csativus] markov-order=3
  9  >id=0012-0009 tag=[Medtr7g103100|Mtruncatula] markov-order=3
 10  >id=0012-0010 tag=[mgv1a016787m.g|Mguttatus] markov-order=3
 11  >id=0012-0011 tag=[cassava4.1_019934m.g|Mesculenta] markov-order=3
 13  >id=0012-0013 tag=[POPTR_0019s05440|Ptrichocarpa] markov-order=3
 14  >id=0012-0014 tag=[AT1G54410|Athaliana] markov-order=3
 15  >id=0012-0015 tag=[Thhalv10023775m.g|Thalophila] markov-order=3
 16  >id=0012-0016 tag=[Carubv10021201m.g|Crubella] markov-order=3
 19  >id=0012-0019 tag=[Phvulv091017297m.g|Pvulgaris] markov-order=3

Average number of iterations per run: 356.61
Number of runs: 2618
Preprocessing CPU time (in seconds): 0.00
Sampling-step CPU time (in seconds): 295.05
Postprocessing CPU time (in seconds): 0.00
Total elapsed CPU time (in seconds): 295.05

