Compiled on Nov 21 2012 14:22:10

ChangeLog
Version 2.2.0
20100609. PSP mode
20100527. Allow for multiple consecutive > in the header
20081128. ZOOPS mode is allow to have sequences that are shorter than span
20081115. Modified the chooseBestSite routine to use P(Y_i > 0)
20080807. Code cleanup for GIMSAN
20080625. Output of background model frequency
20080625. Out of range sequence are counted toward char 'X'
20080408. Increased span-capacity and fixed bug where span may be larger than minimum seqlen.

/home/yzolotarov/gimsan_cmdline/gibbsmarkov/gibbsmarkov.out /home/yzolotarov/gimsan_cmdline/20121121_KS_dehydrins_promoters_dicots.fas//nullset/null-00004.fa -l 8 -gibbsamp -best_clr -cput 300 -L 200 -ds -zoops 0.200000 -markov 5 -p 0.05 -em 0 

Filename: /home/yzolotarov/gimsan_cmdline/20121121_KS_dehydrins_promoters_dicots.fas//nullset/null-00004.fa
Number of sequences: 20
Total residues: 20000
Average sequence length: 1000.0
Minimum sequence length: 1000
Maximum sequence length: 1000
Include reverse-complement: yes
Span: 8
Random seed: 1353526811

Number of motifs to be printed: 1

Stopping criterion: CPU-time
CPU time in seconds: 300

Rapid convergence: on
Iterations plateau (-L): 200
Number of trial iterations: 5
Phase-shift frequency (-ps): 0.40

Occurrences per sequence: Bayesian ZOOPS
Bayesian ZOOPS pseudoweight: 0.20

Pseudo-weight (-p): 0.05
Sampling Technique: Gibbs Sampler

Order of Markov background (-markov): 5
Markov background model: GibbsMarkov
Background dimension: Aggregate
Background file (-bfile): /home/yzolotarov/gimsan_cmdline/20121121_KS_dehydrins_promoters_dicots.fas//nullset/null-00004.fa
Position-specific prior file (-psp): none

Scoring scheme: CLR
EM iterations (-em): 0

Input FASTA freq of A: 0.3512
Input FASTA freq of C: 0.1488
Input FASTA freq of G: 0.1488
Input FASTA freq of T: 0.3512

Background model freq of A: 0.3512
Background model freq of C: 0.1488
Background model freq of G: 0.1488
Background model freq of T: 0.3512


All of the following scores are computed after EM (if applicable).
Log Markovian-ILR generated from sites without pseudocount: 19.97
Log Markovian-CLR generated from sites without pseudocount: 11.98
Log(CLR) normalized by number of sequences: 0.5988
Score for ranking runs: 11.98

Motif profile generated from sites:
Pos  [ 0]  [ 1]  [ 2]  [ 3]  [ 4]  [ 5]  [ 6]  [ 7] 
A    0.00  1.00  0.00  1.00  0.00  1.00  0.00  0.00 
C    0.00  0.00  0.00  0.00  1.00  0.00  1.00  0.00 
G    1.00  0.00  0.38  0.00  0.00  0.00  0.00  0.38 
T    0.00  0.00  0.62  0.00  0.00  0.00  0.00  0.62 

Flanking regions:
Pos  [-5]  [-4]  [-3]  [-2]  [-1]   ||   [ 8]  [ 9]  [10]  [11]  [12] 
A    0.50  0.38  0.50  0.38  0.38   ||   0.50  0.25  0.38  0.50  0.12 
C    0.25  0.12  0.12  0.12  0.12   ||   0.00  0.00  0.12  0.00  0.25 
G    0.25  0.25  0.12  0.25  0.25   ||   0.00  0.00  0.25  0.00  0.00 
T    0.00  0.25  0.25  0.25  0.25   ||   0.50  0.75  0.25  0.50  0.62 
X    0.00  0.00  0.00  0.00  0.00   ||   0.00  0.00  0.00  0.00  0.00 

Motif span: 8
Motif weight/width: 8
Consensus motif: GATACACT
Number of predicted sites: 8 (40.00%)

Sequence range is from 0 to (number of sequences - 1).
Motif sites are in range 1 to length or -1 to -length.
Sequence   0: motif site   none  (  none)
Sequence   1: motif site    348  (  -355)
Sequence   2: motif site   none  (  none)
Sequence   3: motif site   none  (  none)
Sequence   4: motif site    446  (  -453)
Sequence   5: motif site   none  (  none)
Sequence   6: motif site    849  (  -856)
Sequence   7: motif site   none  (  none)
Sequence   8: motif site    148  (  -155)
Sequence   9: motif site   -456  (   449)
Sequence  10: motif site   none  (  none)
Sequence  11: motif site   none  (  none)
Sequence  12: motif site   -726  (   719)
Sequence  13: motif site   none  (  none)
Sequence  14: motif site   none  (  none)
Sequence  15: motif site    806  (  -813)
Sequence  16: motif site   none  (  none)
Sequence  17: motif site   none  (  none)
Sequence  18: motif site   none  (  none)
Sequence  19: motif site   -972  (   965)

Alignments and FASTA-headers:
  1   catca    348 GATACACT 355    taaat  (+) Score=   2.259  >id=0004-0001 tag=[Glyma16g04190|Gmax] markov-order=3
  4   aactt    446 GAGACACT 453    atgtc  (+) Score=   2.182  >id=0004-0004 tag=[Glyma19g29210|Gmax] markov-order=3
  6   ataag    849 GATACACG 856    atttt  (+) Score=   2.423  >id=0004-0006 tag=[evm.TU.supercontig_79.59|Cpapaya] markov-order=3
  8   gtgga    148 GATACACT 155    atatc  (+) Score=   2.055  >id=0004-0008 tag=[Cucsa.338040|Csativus] markov-order=3
  9   ccatt    456 GAGACACG 449    ttgat  (-) Score=   1.703  >id=0004-0009 tag=[Medtr7g103100|Mtruncatula] markov-order=3
 12   agagc    726 GATACACT 719    ataaa  (-) Score=   3.297  >id=0004-0012 tag=[cassava4.1_019931m.g|Mesculenta] markov-order=3
 15   aataa    806 GAGACACT 813    ttcat  (+) Score=   2.456  >id=0004-0015 tag=[Thhalv10023775m.g|Thalophila] markov-order=3
 19   ggaag    972 GATACACG 965    tattt  (-) Score=   3.598  >id=0004-0019 tag=[Phvulv091017297m.g|Pvulgaris] markov-order=3

FASTA-header of sequences with zero occurrences:
  0  >id=0004-0000 tag=[COLD47OA_04_1621bp_1170prom] markov-order=3
  2  >id=0004-0002 tag=[474716|Alyrata] markov-order=3
  3  >id=0004-0003 tag=[Glyma16g04200|Gmax] markov-order=3
  5  >id=0004-0005 tag=[evm.TU.supercontig_161.14|Cpapaya] markov-order=3
  7  >id=0004-0007 tag=[30072.t000037|Rcommunis] markov-order=3
 10  >id=0004-0010 tag=[mgv1a016787m.g|Mguttatus] markov-order=3
 11  >id=0004-0011 tag=[cassava4.1_019934m.g|Mesculenta] markov-order=3
 13  >id=0004-0013 tag=[POPTR_0019s05440|Ptrichocarpa] markov-order=3
 14  >id=0004-0014 tag=[AT1G54410|Athaliana] markov-order=3
 16  >id=0004-0016 tag=[Carubv10021201m.g|Crubella] markov-order=3
 17  >id=0004-0017 tag=[Aquca_004_00603|Acoerulea] markov-order=3
 18  >id=0004-0018 tag=[Lus10020271.g|Lusitatissimum] markov-order=3

Average number of iterations per run: 359.77
Number of runs: 2607
Preprocessing CPU time (in seconds): 0.01
Sampling-step CPU time (in seconds): 295.10
Postprocessing CPU time (in seconds): 0.00
Total elapsed CPU time (in seconds): 295.11

