Compiled on Nov 21 2012 14:22:10

ChangeLog
Version 2.2.0
20100609. PSP mode
20100527. Allow for multiple consecutive > in the header
20081128. ZOOPS mode is allow to have sequences that are shorter than span
20081115. Modified the chooseBestSite routine to use P(Y_i > 0)
20080807. Code cleanup for GIMSAN
20080625. Output of background model frequency
20080625. Out of range sequence are counted toward char 'X'
20080408. Increased span-capacity and fixed bug where span may be larger than minimum seqlen.

/home/yzolotarov/gimsan_cmdline/gibbsmarkov/gibbsmarkov.out /home/yzolotarov/gimsan_cmdline/20121121_KS_dehydrins_promoters_dicots.fas//nullset/null-00005.fa -l 8 -gibbsamp -best_clr -cput 300 -L 200 -ds -zoops 0.200000 -markov 5 -p 0.05 -em 0 

Filename: /home/yzolotarov/gimsan_cmdline/20121121_KS_dehydrins_promoters_dicots.fas//nullset/null-00005.fa
Number of sequences: 20
Total residues: 20000
Average sequence length: 1000.0
Minimum sequence length: 1000
Maximum sequence length: 1000
Include reverse-complement: yes
Span: 8
Random seed: 1353526811

Number of motifs to be printed: 1

Stopping criterion: CPU-time
CPU time in seconds: 300

Rapid convergence: on
Iterations plateau (-L): 200
Number of trial iterations: 5
Phase-shift frequency (-ps): 0.40

Occurrences per sequence: Bayesian ZOOPS
Bayesian ZOOPS pseudoweight: 0.20

Pseudo-weight (-p): 0.05
Sampling Technique: Gibbs Sampler

Order of Markov background (-markov): 5
Markov background model: GibbsMarkov
Background dimension: Aggregate
Background file (-bfile): /home/yzolotarov/gimsan_cmdline/20121121_KS_dehydrins_promoters_dicots.fas//nullset/null-00005.fa
Position-specific prior file (-psp): none

Scoring scheme: CLR
EM iterations (-em): 0

Input FASTA freq of A: 0.3482
Input FASTA freq of C: 0.1518
Input FASTA freq of G: 0.1518
Input FASTA freq of T: 0.3482

Background model freq of A: 0.3482
Background model freq of C: 0.1518
Background model freq of G: 0.1518
Background model freq of T: 0.3482


All of the following scores are computed after EM (if applicable).
Log Markovian-ILR generated from sites without pseudocount: 21.26
Log Markovian-CLR generated from sites without pseudocount: 12.76
Log(CLR) normalized by number of sequences: 0.6381
Score for ranking runs: 12.76

Motif profile generated from sites:
Pos  [ 0]  [ 1]  [ 2]  [ 3]  [ 4]  [ 5]  [ 6]  [ 7] 
A    0.00  0.00  0.70  0.00  0.00  1.00  0.00  1.00 
C    0.00  0.00  0.00  0.10  0.00  0.00  0.00  0.00 
G    0.00  0.10  0.30  0.90  0.00  0.00  1.00  0.00 
T    1.00  0.90  0.00  0.00  1.00  0.00  0.00  0.00 

Flanking regions:
Pos  [-5]  [-4]  [-3]  [-2]  [-1]   ||   [ 8]  [ 9]  [10]  [11]  [12] 
A    0.20  0.20  0.50  0.50  0.30   ||   0.40  0.50  0.70  0.30  0.40 
C    0.10  0.30  0.00  0.10  0.20   ||   0.10  0.00  0.00  0.10  0.00 
G    0.20  0.20  0.20  0.00  0.20   ||   0.10  0.20  0.00  0.00  0.20 
T    0.50  0.30  0.30  0.40  0.30   ||   0.40  0.30  0.30  0.60  0.40 
X    0.00  0.00  0.00  0.00  0.00   ||   0.00  0.00  0.00  0.00  0.00 

Motif span: 8
Motif weight/width: 8
Consensus motif: TTAGTAGA
Number of predicted sites: 10 (50.00%)

Sequence range is from 0 to (number of sequences - 1).
Motif sites are in range 1 to length or -1 to -length.
Sequence   0: motif site   none  (  none)
Sequence   1: motif site    432  (  -439)
Sequence   2: motif site   -384  (   377)
Sequence   3: motif site   -459  (   452)
Sequence   4: motif site   none  (  none)
Sequence   5: motif site   none  (  none)
Sequence   6: motif site   -631  (   624)
Sequence   7: motif site    -88  (    81)
Sequence   8: motif site   -358  (   351)
Sequence   9: motif site   none  (  none)
Sequence  10: motif site    108  (  -115)
Sequence  11: motif site     32  (   -39)
Sequence  12: motif site   none  (  none)
Sequence  13: motif site    606  (  -613)
Sequence  14: motif site   none  (  none)
Sequence  15: motif site   none  (  none)
Sequence  16: motif site   none  (  none)
Sequence  17: motif site    240  (  -247)
Sequence  18: motif site   none  (  none)
Sequence  19: motif site   none  (  none)

Alignments and FASTA-headers:
  1   tcatg    432 TTAGTAGA 439    gattt  (+) Score=   1.895  >id=0005-0001 tag=[Glyma16g04190|Gmax] markov-order=3
  2   tggtg    384 TTACTAGA 377    atatt  (-) Score=   1.898  >id=0005-0002 tag=[474716|Alyrata] markov-order=3
  3   tttca    459 TTAGTAGA 452    tgacg  (-) Score=   1.717  >id=0005-0003 tag=[Glyma16g04200|Gmax] markov-order=3
  6   gaaat    631 TTAGTAGA 624    aattt  (-) Score=   3.170  >id=0005-0006 tag=[evm.TU.supercontig_79.59|Cpapaya] markov-order=3
  7   acata     88 TTGGTAGA 81     taata  (-) Score=   1.403  >id=0005-0007 tag=[30072.t000037|Rcommunis] markov-order=3
  8   cctac    358 TGAGTAGA 351    ttaat  (-) Score=   1.276  >id=0005-0008 tag=[Cucsa.338040|Csativus] markov-order=3
 10   ataat    108 TTGGTAGA 115    aaata  (+) Score=   1.632  >id=0005-0010 tag=[mgv1a016787m.g|Mguttatus] markov-order=3
 11   ttttt     32 TTAGTAGA 39     caaaa  (+) Score=   1.655  >id=0005-0011 tag=[cassava4.1_019934m.g|Mesculenta] markov-order=3
 13   gaaaa    606 TTGGTAGA 613    agaaa  (+) Score=   2.120  >id=0005-0013 tag=[POPTR_0019s05440|Ptrichocarpa] markov-order=3
 17   tggac    240 TTAGTAGA 247    ttttg  (+) Score=   4.291  >id=0005-0017 tag=[Aquca_004_00603|Acoerulea] markov-order=3

FASTA-header of sequences with zero occurrences:
  0  >id=0005-0000 tag=[COLD47OA_04_1621bp_1170prom] markov-order=3
  4  >id=0005-0004 tag=[Glyma19g29210|Gmax] markov-order=3
  5  >id=0005-0005 tag=[evm.TU.supercontig_161.14|Cpapaya] markov-order=3
  9  >id=0005-0009 tag=[Medtr7g103100|Mtruncatula] markov-order=3
 12  >id=0005-0012 tag=[cassava4.1_019931m.g|Mesculenta] markov-order=3
 14  >id=0005-0014 tag=[AT1G54410|Athaliana] markov-order=3
 15  >id=0005-0015 tag=[Thhalv10023775m.g|Thalophila] markov-order=3
 16  >id=0005-0016 tag=[Carubv10021201m.g|Crubella] markov-order=3
 18  >id=0005-0018 tag=[Lus10020271.g|Lusitatissimum] markov-order=3
 19  >id=0005-0019 tag=[Phvulv091017297m.g|Pvulgaris] markov-order=3

Average number of iterations per run: 370.07
Number of runs: 2536
Preprocessing CPU time (in seconds): 0.01
Sampling-step CPU time (in seconds): 295.07
Postprocessing CPU time (in seconds): 0.00
Total elapsed CPU time (in seconds): 295.08

