Compiled on Nov 21 2012 14:22:10

ChangeLog
Version 2.2.0
20100609. PSP mode
20100527. Allow for multiple consecutive > in the header
20081128. ZOOPS mode is allow to have sequences that are shorter than span
20081115. Modified the chooseBestSite routine to use P(Y_i > 0)
20080807. Code cleanup for GIMSAN
20080625. Output of background model frequency
20080625. Out of range sequence are counted toward char 'X'
20080408. Increased span-capacity and fixed bug where span may be larger than minimum seqlen.

/home/yzolotarov/gimsan_cmdline/gibbsmarkov/gibbsmarkov.out /home/yzolotarov/gimsan_cmdline/20121121_KS_dehydrins_promoters_dicots.fas//nullset/null-00020.fa -l 8 -gibbsamp -best_clr -cput 300 -L 200 -ds -zoops 0.200000 -markov 5 -p 0.05 -em 0 

Filename: /home/yzolotarov/gimsan_cmdline/20121121_KS_dehydrins_promoters_dicots.fas//nullset/null-00020.fa
Number of sequences: 20
Total residues: 20000
Average sequence length: 1000.0
Minimum sequence length: 1000
Maximum sequence length: 1000
Include reverse-complement: yes
Span: 8
Random seed: 1353529172

Number of motifs to be printed: 1

Stopping criterion: CPU-time
CPU time in seconds: 300

Rapid convergence: on
Iterations plateau (-L): 200
Number of trial iterations: 5
Phase-shift frequency (-ps): 0.40

Occurrences per sequence: Bayesian ZOOPS
Bayesian ZOOPS pseudoweight: 0.20

Pseudo-weight (-p): 0.05
Sampling Technique: Gibbs Sampler

Order of Markov background (-markov): 5
Markov background model: GibbsMarkov
Background dimension: Aggregate
Background file (-bfile): /home/yzolotarov/gimsan_cmdline/20121121_KS_dehydrins_promoters_dicots.fas//nullset/null-00020.fa
Position-specific prior file (-psp): none

Scoring scheme: CLR
EM iterations (-em): 0

Input FASTA freq of A: 0.3452
Input FASTA freq of C: 0.1548
Input FASTA freq of G: 0.1548
Input FASTA freq of T: 0.3452

Background model freq of A: 0.3452
Background model freq of C: 0.1548
Background model freq of G: 0.1548
Background model freq of T: 0.3452


All of the following scores are computed after EM (if applicable).
Log Markovian-ILR generated from sites without pseudocount: 21.36
Log Markovian-CLR generated from sites without pseudocount: 13.78
Log(CLR) normalized by number of sequences: 0.6891
Score for ranking runs: 13.78

Motif profile generated from sites:
Pos  [ 0]  [ 1]  [ 2]  [ 3]  [ 4]  [ 5]  [ 6]  [ 7] 
A    0.00  1.00  1.00  0.00  0.00  0.00  0.00  0.00 
C    1.00  0.00  0.00  0.00  0.00  0.00  0.27  1.00 
G    0.00  0.00  0.00  0.13  0.00  0.00  0.13  0.00 
T    0.00  0.00  0.00  0.87  1.00  1.00  0.60  0.00 

Flanking regions:
Pos  [-5]  [-4]  [-3]  [-2]  [-1]   ||   [ 8]  [ 9]  [10]  [11]  [12] 
A    0.47  0.47  0.07  0.27  0.40   ||   0.20  0.33  0.40  0.13  0.27 
C    0.07  0.00  0.33  0.20  0.13   ||   0.13  0.20  0.07  0.13  0.20 
G    0.00  0.13  0.27  0.13  0.13   ||   0.20  0.13  0.13  0.33  0.00 
T    0.47  0.40  0.33  0.40  0.33   ||   0.47  0.33  0.40  0.40  0.53 
X    0.00  0.00  0.00  0.00  0.00   ||   0.00  0.00  0.00  0.00  0.00 

Motif span: 8
Motif weight/width: 8
Consensus motif: CAATTTTC
Number of predicted sites: 15 (75.00%)

Sequence range is from 0 to (number of sequences - 1).
Motif sites are in range 1 to length or -1 to -length.
Sequence   0: motif site     82  (   -89)
Sequence   1: motif site     64  (   -71)
Sequence   2: motif site    375  (  -382)
Sequence   3: motif site    711  (  -718)
Sequence   4: motif site   -594  (   587)
Sequence   5: motif site   none  (  none)
Sequence   6: motif site    587  (  -594)
Sequence   7: motif site   -144  (   137)
Sequence   8: motif site    643  (  -650)
Sequence   9: motif site    644  (  -651)
Sequence  10: motif site   none  (  none)
Sequence  11: motif site    831  (  -838)
Sequence  12: motif site    100  (  -107)
Sequence  13: motif site    582  (  -589)
Sequence  14: motif site   none  (  none)
Sequence  15: motif site   -626  (   619)
Sequence  16: motif site   none  (  none)
Sequence  17: motif site    649  (  -656)
Sequence  18: motif site    629  (  -636)
Sequence  19: motif site   none  (  none)

Alignments and FASTA-headers:
  0   tatgg     82 CAATTTTC 89     tagaa  (+) Score=   1.057  >id=0020-0000 tag=[COLD47OA_04_1621bp_1170prom] markov-order=3
  1   aattc     64 CAATTTTC 71     catct  (+) Score=   1.403  >id=0020-0001 tag=[Glyma16g04190|Gmax] markov-order=3
  2   ttcca    375 CAATTTCC 382    tattt  (+) Score=   1.567  >id=0020-0002 tag=[474716|Alyrata] markov-order=3
  3   ttttt    711 CAATTTTC 718    ttagt  (+) Score=   1.304  >id=0020-0003 tag=[Glyma16g04200|Gmax] markov-order=3
  4   taggt    594 CAATTTCC 587    aacta  (-) Score=   0.362  >id=0020-0004 tag=[Glyma19g29210|Gmax] markov-order=3
  6   agtaa    587 CAATTTTC 594    ggacc  (+) Score=   2.031  >id=0020-0006 tag=[evm.TU.supercontig_79.59|Cpapaya] markov-order=3
  7   aagta    144 CAATTTCC 137    tttgc  (-) Score=   1.333  >id=0020-0007 tag=[30072.t000037|Rcommunis] markov-order=3
  8   cacat    643 CAATTTTC 650    tgtgt  (+) Score=   0.002  >id=0020-0008 tag=[Cucsa.338040|Csativus] markov-order=3
  9   taata    644 CAATTTTC 651    gtttt  (+) Score=   1.738  >id=0020-0009 tag=[Medtr7g103100|Mtruncatula] markov-order=3
 11   atgct    831 CAATTTGC 838    ttggc  (+) Score=   0.833  >id=0020-0011 tag=[cassava4.1_019934m.g|Mesculenta] markov-order=3
 12   tgctc    100 CAATTTTC 107    ccaaa  (+) Score=   1.044  >id=0020-0012 tag=[cassava4.1_019931m.g|Mesculenta] markov-order=3
 13   tttca    582 CAATTTTC 589    aaatt  (+) Score=   1.141  >id=0020-0013 tag=[POPTR_0019s05440|Ptrichocarpa] markov-order=3
 15   atgag    626 CAAGTTTC 619    ataga  (-) Score=   2.207  >id=0020-0015 tag=[Thhalv10023775m.g|Thalophila] markov-order=3
 17   atcta    649 CAATTTGC 656    gcatt  (+) Score=   1.374  >id=0020-0017 tag=[Aquca_004_00603|Acoerulea] markov-order=3
 18   aacat    629 CAAGTTCC 636    tcttt  (+) Score=   2.784  >id=0020-0018 tag=[Lus10020271.g|Lusitatissimum] markov-order=3

FASTA-header of sequences with zero occurrences:
  5  >id=0020-0005 tag=[evm.TU.supercontig_161.14|Cpapaya] markov-order=3
 10  >id=0020-0010 tag=[mgv1a016787m.g|Mguttatus] markov-order=3
 14  >id=0020-0014 tag=[AT1G54410|Athaliana] markov-order=3
 16  >id=0020-0016 tag=[Carubv10021201m.g|Crubella] markov-order=3
 19  >id=0020-0019 tag=[Phvulv091017297m.g|Pvulgaris] markov-order=3

Average number of iterations per run: 363.98
Number of runs: 2605
Preprocessing CPU time (in seconds): 0.00
Sampling-step CPU time (in seconds): 295.05
Postprocessing CPU time (in seconds): 0.00
Total elapsed CPU time (in seconds): 295.05

