Compiled on Nov 21 2012 14:22:10

ChangeLog
Version 2.2.0
20100609. PSP mode
20100527. Allow for multiple consecutive > in the header
20081128. ZOOPS mode is allow to have sequences that are shorter than span
20081115. Modified the chooseBestSite routine to use P(Y_i > 0)
20080807. Code cleanup for GIMSAN
20080625. Output of background model frequency
20080625. Out of range sequence are counted toward char 'X'
20080408. Increased span-capacity and fixed bug where span may be larger than minimum seqlen.

/home/yzolotarov/gimsan_cmdline/gibbsmarkov/gibbsmarkov.out /home/yzolotarov/gimsan_cmdline/20121121_KS_dehydrins_promoters_dicots.fas//nullset/null-00011.fa -l 8 -gibbsamp -best_clr -cput 300 -L 200 -ds -zoops 0.200000 -markov 5 -p 0.05 -em 0 

Filename: /home/yzolotarov/gimsan_cmdline/20121121_KS_dehydrins_promoters_dicots.fas//nullset/null-00011.fa
Number of sequences: 20
Total residues: 20000
Average sequence length: 1000.0
Minimum sequence length: 1000
Maximum sequence length: 1000
Include reverse-complement: yes
Span: 8
Random seed: 1353527696

Number of motifs to be printed: 1

Stopping criterion: CPU-time
CPU time in seconds: 300

Rapid convergence: on
Iterations plateau (-L): 200
Number of trial iterations: 5
Phase-shift frequency (-ps): 0.40

Occurrences per sequence: Bayesian ZOOPS
Bayesian ZOOPS pseudoweight: 0.20

Pseudo-weight (-p): 0.05
Sampling Technique: Gibbs Sampler

Order of Markov background (-markov): 5
Markov background model: GibbsMarkov
Background dimension: Aggregate
Background file (-bfile): /home/yzolotarov/gimsan_cmdline/20121121_KS_dehydrins_promoters_dicots.fas//nullset/null-00011.fa
Position-specific prior file (-psp): none

Scoring scheme: CLR
EM iterations (-em): 0

Input FASTA freq of A: 0.3522
Input FASTA freq of C: 0.1478
Input FASTA freq of G: 0.1478
Input FASTA freq of T: 0.3522

Background model freq of A: 0.3522
Background model freq of C: 0.1478
Background model freq of G: 0.1478
Background model freq of T: 0.3522


All of the following scores are computed after EM (if applicable).
Log Markovian-ILR generated from sites without pseudocount: 20.84
Log Markovian-CLR generated from sites without pseudocount: 12.57
Log(CLR) normalized by number of sequences: 0.6283
Score for ranking runs: 12.57

Motif profile generated from sites:
Pos  [ 0]  [ 1]  [ 2]  [ 3]  [ 4]  [ 5]  [ 6]  [ 7] 
A    1.00  0.00  1.00  0.00  0.00  0.00  0.00  0.89 
C    0.00  0.56  0.00  0.56  1.00  1.00  0.00  0.11 
G    0.00  0.44  0.00  0.11  0.00  0.00  0.00  0.00 
T    0.00  0.00  0.00  0.33  0.00  0.00  1.00  0.00 

Flanking regions:
Pos  [-5]  [-4]  [-3]  [-2]  [-1]   ||   [ 8]  [ 9]  [10]  [11]  [12] 
A    0.33  0.33  0.22  0.33  0.44   ||   0.44  0.44  0.33  0.11  0.33 
C    0.22  0.11  0.22  0.00  0.00   ||   0.33  0.11  0.11  0.33  0.11 
G    0.22  0.00  0.00  0.33  0.11   ||   0.11  0.22  0.22  0.00  0.33 
T    0.22  0.56  0.56  0.33  0.44   ||   0.11  0.22  0.33  0.56  0.22 
X    0.00  0.00  0.00  0.00  0.00   ||   0.00  0.00  0.00  0.00  0.00 

Motif span: 8
Motif weight/width: 8
Consensus motif: ACACCCTA
Number of predicted sites: 9 (45.00%)

Sequence range is from 0 to (number of sequences - 1).
Motif sites are in range 1 to length or -1 to -length.
Sequence   0: motif site   none  (  none)
Sequence   1: motif site   none  (  none)
Sequence   2: motif site    116  (  -123)
Sequence   3: motif site     79  (   -86)
Sequence   4: motif site   none  (  none)
Sequence   5: motif site   none  (  none)
Sequence   6: motif site   none  (  none)
Sequence   7: motif site   none  (  none)
Sequence   8: motif site    855  (  -862)
Sequence   9: motif site   none  (  none)
Sequence  10: motif site    761  (  -768)
Sequence  11: motif site   -352  (   345)
Sequence  12: motif site    975  (  -982)
Sequence  13: motif site   none  (  none)
Sequence  14: motif site   none  (  none)
Sequence  15: motif site   -721  (   714)
Sequence  16: motif site   none  (  none)
Sequence  17: motif site    617  (  -624)
Sequence  18: motif site   none  (  none)
Sequence  19: motif site   -196  (   189)

Alignments and FASTA-headers:
  2   gtaga    116 AGACCCTA 123    tctct  (+) Score=   1.518  >id=0011-0002 tag=[474716|Alyrata] markov-order=3
  3   attaa     79 ACACCCTA 86     aggcg  (+) Score=   3.345  >id=0011-0003 tag=[Glyma16g04200|Gmax] markov-order=3
  8   ttttt    855 ACACCCTC 862    caatt  (+) Score=   1.183  >id=0011-0008 tag=[Cucsa.338040|Csativus] markov-order=3
 10   aatat    761 ACAGCCTA 768    ggttg  (+) Score=   2.698  >id=0011-0010 tag=[mgv1a016787m.g|Mguttatus] markov-order=3
 11   attga    352 AGATCCTA 345    aagaa  (-) Score=   1.793  >id=0011-0011 tag=[cassava4.1_019934m.g|Mesculenta] markov-order=3
 12   cccga    975 AGACCCTA 982    atatc  (+) Score=   2.452  >id=0011-0012 tag=[cassava4.1_019931m.g|Mesculenta] markov-order=3
 15   tattg    721 AGATCCTA 714    aaatg  (-) Score=   1.201  >id=0011-0015 tag=[Thhalv10023775m.g|Thalophila] markov-order=3
 17   cactt    617 ACATCCTA 624    ctcta  (+) Score=   3.412  >id=0011-0017 tag=[Aquca_004_00603|Acoerulea] markov-order=3
 19   gtaat    196 ACACCCTA 189    catca  (-) Score=   3.184  >id=0011-0019 tag=[Phvulv091017297m.g|Pvulgaris] markov-order=3

FASTA-header of sequences with zero occurrences:
  0  >id=0011-0000 tag=[COLD47OA_04_1621bp_1170prom] markov-order=3
  1  >id=0011-0001 tag=[Glyma16g04190|Gmax] markov-order=3
  4  >id=0011-0004 tag=[Glyma19g29210|Gmax] markov-order=3
  5  >id=0011-0005 tag=[evm.TU.supercontig_161.14|Cpapaya] markov-order=3
  6  >id=0011-0006 tag=[evm.TU.supercontig_79.59|Cpapaya] markov-order=3
  7  >id=0011-0007 tag=[30072.t000037|Rcommunis] markov-order=3
  9  >id=0011-0009 tag=[Medtr7g103100|Mtruncatula] markov-order=3
 13  >id=0011-0013 tag=[POPTR_0019s05440|Ptrichocarpa] markov-order=3
 14  >id=0011-0014 tag=[AT1G54410|Athaliana] markov-order=3
 16  >id=0011-0016 tag=[Carubv10021201m.g|Crubella] markov-order=3
 18  >id=0011-0018 tag=[Lus10020271.g|Lusitatissimum] markov-order=3

Average number of iterations per run: 361.87
Number of runs: 2604
Preprocessing CPU time (in seconds): 0.00
Sampling-step CPU time (in seconds): 295.02
Postprocessing CPU time (in seconds): 0.00
Total elapsed CPU time (in seconds): 295.02

