Compiled on Nov 21 2012 14:22:10

ChangeLog
Version 2.2.0
20100609. PSP mode
20100527. Allow for multiple consecutive > in the header
20081128. ZOOPS mode is allow to have sequences that are shorter than span
20081115. Modified the chooseBestSite routine to use P(Y_i > 0)
20080807. Code cleanup for GIMSAN
20080625. Output of background model frequency
20080625. Out of range sequence are counted toward char 'X'
20080408. Increased span-capacity and fixed bug where span may be larger than minimum seqlen.

/home/yzolotarov/gimsan_cmdline/gibbsmarkov/gibbsmarkov.out /home/yzolotarov/gimsan_cmdline/20121121_KS_dehydrins_promoters_dicots.fas//nullset/null-00007.fa -l 8 -gibbsamp -best_clr -cput 300 -L 200 -ds -zoops 0.200000 -markov 5 -p 0.05 -em 0 

Filename: /home/yzolotarov/gimsan_cmdline/20121121_KS_dehydrins_promoters_dicots.fas//nullset/null-00007.fa
Number of sequences: 20
Total residues: 20000
Average sequence length: 1000.0
Minimum sequence length: 1000
Maximum sequence length: 1000
Include reverse-complement: yes
Span: 8
Random seed: 1353527106

Number of motifs to be printed: 1

Stopping criterion: CPU-time
CPU time in seconds: 300

Rapid convergence: on
Iterations plateau (-L): 200
Number of trial iterations: 5
Phase-shift frequency (-ps): 0.40

Occurrences per sequence: Bayesian ZOOPS
Bayesian ZOOPS pseudoweight: 0.20

Pseudo-weight (-p): 0.05
Sampling Technique: Gibbs Sampler

Order of Markov background (-markov): 5
Markov background model: GibbsMarkov
Background dimension: Aggregate
Background file (-bfile): /home/yzolotarov/gimsan_cmdline/20121121_KS_dehydrins_promoters_dicots.fas//nullset/null-00007.fa
Position-specific prior file (-psp): none

Scoring scheme: CLR
EM iterations (-em): 0

Input FASTA freq of A: 0.3466
Input FASTA freq of C: 0.1534
Input FASTA freq of G: 0.1534
Input FASTA freq of T: 0.3466

Background model freq of A: 0.3466
Background model freq of C: 0.1534
Background model freq of G: 0.1534
Background model freq of T: 0.3466


All of the following scores are computed after EM (if applicable).
Log Markovian-ILR generated from sites without pseudocount: 20.98
Log Markovian-CLR generated from sites without pseudocount: 12.72
Log(CLR) normalized by number of sequences: 0.6360
Score for ranking runs: 12.72

Motif profile generated from sites:
Pos  [ 0]  [ 1]  [ 2]  [ 3]  [ 4]  [ 5]  [ 6]  [ 7] 
A    0.23  1.00  1.00  0.00  0.77  0.00  0.85  0.00 
C    0.77  0.00  0.00  0.00  0.08  0.00  0.00  0.00 
G    0.00  0.00  0.00  0.00  0.00  0.00  0.15  1.00 
T    0.00  0.00  0.00  1.00  0.15  1.00  0.00  0.00 

Flanking regions:
Pos  [-5]  [-4]  [-3]  [-2]  [-1]   ||   [ 8]  [ 9]  [10]  [11]  [12] 
A    0.31  0.31  0.31  0.08  0.08   ||   0.23  0.31  0.15  0.31  0.46 
C    0.23  0.23  0.23  0.15  0.23   ||   0.15  0.15  0.23  0.31  0.15 
G    0.08  0.08  0.23  0.23  0.38   ||   0.08  0.08  0.08  0.15  0.08 
T    0.38  0.38  0.23  0.54  0.31   ||   0.54  0.46  0.54  0.23  0.31 
X    0.00  0.00  0.00  0.00  0.00   ||   0.00  0.00  0.00  0.00  0.00 

Motif span: 8
Motif weight/width: 8
Consensus motif: CAATATAG
Number of predicted sites: 13 (65.00%)

Sequence range is from 0 to (number of sequences - 1).
Motif sites are in range 1 to length or -1 to -length.
Sequence   0: motif site   -581  (   574)
Sequence   1: motif site   none  (  none)
Sequence   2: motif site    297  (  -304)
Sequence   3: motif site   none  (  none)
Sequence   4: motif site    712  (  -719)
Sequence   5: motif site    952  (  -959)
Sequence   6: motif site   none  (  none)
Sequence   7: motif site   -378  (   371)
Sequence   8: motif site   none  (  none)
Sequence   9: motif site    875  (  -882)
Sequence  10: motif site   -674  (   667)
Sequence  11: motif site   none  (  none)
Sequence  12: motif site   -609  (   602)
Sequence  13: motif site   -457  (   450)
Sequence  14: motif site    910  (  -917)
Sequence  15: motif site    206  (  -213)
Sequence  16: motif site    905  (  -912)
Sequence  17: motif site   none  (  none)
Sequence  18: motif site   none  (  none)
Sequence  19: motif site   -646  (   639)

Alignments and FASTA-headers:
  0   atagg    581 AAATATAG 574    tatga  (-) Score=   0.461  >id=0007-0000 tag=[COLD47OA_04_1621bp_1170prom] markov-order=3
  2   gcctc    297 CAATATAG 304    ctttt  (+) Score=   2.121  >id=0007-0002 tag=[474716|Alyrata] markov-order=3
  4   ctttg    712 AAATATAG 719    ttcaa  (+) Score=   1.697  >id=0007-0004 tag=[Glyma19g29210|Gmax] markov-order=3
  5   tagtg    952 CAATATAG 959    tacca  (+) Score=   3.915  >id=0007-0005 tag=[evm.TU.supercontig_161.14|Cpapaya] markov-order=3
  7   tatat    378 CAATATGG 371    ttaca  (-) Score=   1.929  >id=0007-0007 tag=[30072.t000037|Rcommunis] markov-order=3
  9   tggtc    875 CAATATAG 882    attct  (+) Score=   2.234  >id=0007-0009 tag=[Medtr7g103100|Mtruncatula] markov-order=3
 10   tcctt    674 AAATATAG 667    aatca  (-) Score=   0.219  >id=0007-0010 tag=[mgv1a016787m.g|Mguttatus] markov-order=3
 12   caacg    609 CAATATGG 602    aagaa  (-) Score=   2.419  >id=0007-0012 tag=[cassava4.1_019931m.g|Mesculenta] markov-order=3
 13   attgt    457 CAATATAG 450    gcatc  (-) Score=  -0.200  >id=0007-0013 tag=[POPTR_0019s05440|Ptrichocarpa] markov-order=3
 14   atggt    910 CAATATAG 917    cctat  (+) Score=   1.313  >id=0007-0014 tag=[AT1G54410|Athaliana] markov-order=3
 15   atctc    206 CAATTTAG 213    tgtac  (+) Score=   0.562  >id=0007-0015 tag=[Thhalv10023775m.g|Thalophila] markov-order=3
 16   taaca    905 CAATTTAG 912    ttctt  (+) Score=   2.025  >id=0007-0016 tag=[Carubv10021201m.g|Crubella] markov-order=3
 19   ccatg    646 CAATCTAG 639    tttgg  (-) Score=   1.648  >id=0007-0019 tag=[Phvulv091017297m.g|Pvulgaris] markov-order=3

FASTA-header of sequences with zero occurrences:
  1  >id=0007-0001 tag=[Glyma16g04190|Gmax] markov-order=3
  3  >id=0007-0003 tag=[Glyma16g04200|Gmax] markov-order=3
  6  >id=0007-0006 tag=[evm.TU.supercontig_79.59|Cpapaya] markov-order=3
  8  >id=0007-0008 tag=[Cucsa.338040|Csativus] markov-order=3
 11  >id=0007-0011 tag=[cassava4.1_019934m.g|Mesculenta] markov-order=3
 17  >id=0007-0017 tag=[Aquca_004_00603|Acoerulea] markov-order=3
 18  >id=0007-0018 tag=[Lus10020271.g|Lusitatissimum] markov-order=3

Average number of iterations per run: 363.93
Number of runs: 2603
Preprocessing CPU time (in seconds): 0.00
Sampling-step CPU time (in seconds): 295.03
Postprocessing CPU time (in seconds): 0.00
Total elapsed CPU time (in seconds): 295.03

