Compiled on Nov 21 2012 14:22:10

ChangeLog
Version 2.2.0
20100609. PSP mode
20100527. Allow for multiple consecutive > in the header
20081128. ZOOPS mode is allow to have sequences that are shorter than span
20081115. Modified the chooseBestSite routine to use P(Y_i > 0)
20080807. Code cleanup for GIMSAN
20080625. Output of background model frequency
20080625. Out of range sequence are counted toward char 'X'
20080408. Increased span-capacity and fixed bug where span may be larger than minimum seqlen.

/home/yzolotarov/gimsan_cmdline/gibbsmarkov/gibbsmarkov.out /home/yzolotarov/gimsan_cmdline/20121121_KS_dehydrins_promoters_dicots.fas//nullset/null-00019.fa -l 8 -gibbsamp -best_clr -cput 300 -L 200 -ds -zoops 0.200000 -markov 5 -p 0.05 -em 0 

Filename: /home/yzolotarov/gimsan_cmdline/20121121_KS_dehydrins_promoters_dicots.fas//nullset/null-00019.fa
Number of sequences: 20
Total residues: 20000
Average sequence length: 1000.0
Minimum sequence length: 1000
Maximum sequence length: 1000
Include reverse-complement: yes
Span: 8
Random seed: 1353528877

Number of motifs to be printed: 1

Stopping criterion: CPU-time
CPU time in seconds: 300

Rapid convergence: on
Iterations plateau (-L): 200
Number of trial iterations: 5
Phase-shift frequency (-ps): 0.40

Occurrences per sequence: Bayesian ZOOPS
Bayesian ZOOPS pseudoweight: 0.20

Pseudo-weight (-p): 0.05
Sampling Technique: Gibbs Sampler

Order of Markov background (-markov): 5
Markov background model: GibbsMarkov
Background dimension: Aggregate
Background file (-bfile): /home/yzolotarov/gimsan_cmdline/20121121_KS_dehydrins_promoters_dicots.fas//nullset/null-00019.fa
Position-specific prior file (-psp): none

Scoring scheme: CLR
EM iterations (-em): 0

Input FASTA freq of A: 0.3463
Input FASTA freq of C: 0.1537
Input FASTA freq of G: 0.1537
Input FASTA freq of T: 0.3463

Background model freq of A: 0.3463
Background model freq of C: 0.1537
Background model freq of G: 0.1537
Background model freq of T: 0.3463


All of the following scores are computed after EM (if applicable).
Log Markovian-ILR generated from sites without pseudocount: 20.83
Log Markovian-CLR generated from sites without pseudocount: 12.67
Log(CLR) normalized by number of sequences: 0.6333
Score for ranking runs: 12.67

Motif profile generated from sites:
Pos  [ 0]  [ 1]  [ 2]  [ 3]  [ 4]  [ 5]  [ 6]  [ 7] 
A    0.00  0.00  1.00  0.75  1.00  0.00  1.00  0.00 
C    0.33  0.00  0.00  0.00  0.00  0.00  0.00  0.00 
G    0.00  1.00  0.00  0.25  0.00  0.50  0.00  1.00 
T    0.67  0.00  0.00  0.00  0.00  0.50  0.00  0.00 

Flanking regions:
Pos  [-5]  [-4]  [-3]  [-2]  [-1]   ||   [ 8]  [ 9]  [10]  [11]  [12] 
A    0.42  0.33  0.42  0.50  0.50   ||   0.50  0.50  0.58  0.42  0.00 
C    0.17  0.25  0.00  0.08  0.00   ||   0.17  0.00  0.00  0.08  0.25 
G    0.08  0.08  0.25  0.17  0.08   ||   0.00  0.25  0.17  0.08  0.33 
T    0.33  0.33  0.33  0.25  0.42   ||   0.33  0.25  0.25  0.42  0.42 
X    0.00  0.00  0.00  0.00  0.00   ||   0.00  0.00  0.00  0.00  0.00 

Motif span: 8
Motif weight/width: 8
Consensus motif: TGAAANAG
Number of predicted sites: 12 (60.00%)

Sequence range is from 0 to (number of sequences - 1).
Motif sites are in range 1 to length or -1 to -length.
Sequence   0: motif site   -475  (   468)
Sequence   1: motif site    146  (  -153)
Sequence   2: motif site   none  (  none)
Sequence   3: motif site   -234  (   227)
Sequence   4: motif site   none  (  none)
Sequence   5: motif site   none  (  none)
Sequence   6: motif site   none  (  none)
Sequence   7: motif site    699  (  -706)
Sequence   8: motif site   -174  (   167)
Sequence   9: motif site   -357  (   350)
Sequence  10: motif site   -372  (   365)
Sequence  11: motif site   none  (  none)
Sequence  12: motif site    -45  (    38)
Sequence  13: motif site   none  (  none)
Sequence  14: motif site    271  (  -278)
Sequence  15: motif site    203  (  -210)
Sequence  16: motif site   none  (  none)
Sequence  17: motif site   -496  (   489)
Sequence  18: motif site   none  (  none)
Sequence  19: motif site   -614  (   607)

Alignments and FASTA-headers:
  0   aaaaa    475 TGAAAGAG 468    caatt  (-) Score=   1.717  >id=0019-0000 tag=[COLD47OA_04_1621bp_1170prom] markov-order=3
  1   gttct    146 TGAAATAG 153    atatc  (+) Score=   1.226  >id=0019-0001 tag=[Glyma16g04190|Gmax] markov-order=3
  3   agtat    234 TGAAATAG 227    atatc  (-) Score=   2.239  >id=0019-0003 tag=[Glyma16g04200|Gmax] markov-order=3
  7   aagag    699 CGAGATAG 706    aggag  (+) Score=   0.909  >id=0019-0007 tag=[30072.t000037|Rcommunis] markov-order=3
  8   taata    174 CGAAATAG 167    aaatg  (-) Score=   1.610  >id=0019-0008 tag=[Cucsa.338040|Csativus] markov-order=3
  9   tttga    357 CGAGAGAG 350    agtag  (-) Score=   0.966  >id=0019-0009 tag=[Medtr7g103100|Mtruncatula] markov-order=3
 10   tcgaa    372 TGAAAGAG 365    tagat  (-) Score=   1.289  >id=0019-0010 tag=[mgv1a016787m.g|Mguttatus] markov-order=3
 12   ccatt     45 TGAAAGAG 38     caaat  (-) Score=   1.636  >id=0019-0012 tag=[cassava4.1_019931m.g|Mesculenta] markov-order=3
 14   acaaa    271 TGAAAGAG 278    aaatt  (+) Score=   1.173  >id=0019-0014 tag=[AT1G54410|Athaliana] markov-order=3
 15   catga    203 TGAGATAG 210    ttaat  (+) Score=   2.271  >id=0019-0015 tag=[Thhalv10023775m.g|Thalophila] markov-order=3
 17   atgat    496 TGAAATAG 489    tgtgg  (-) Score=   3.653  >id=0019-0017 tag=[Aquca_004_00603|Acoerulea] markov-order=3
 19   ttatt    614 CGAAAGAG 607    tatcc  (-) Score=   1.974  >id=0019-0019 tag=[Phvulv091017297m.g|Pvulgaris] markov-order=3

FASTA-header of sequences with zero occurrences:
  2  >id=0019-0002 tag=[474716|Alyrata] markov-order=3
  4  >id=0019-0004 tag=[Glyma19g29210|Gmax] markov-order=3
  5  >id=0019-0005 tag=[evm.TU.supercontig_161.14|Cpapaya] markov-order=3
  6  >id=0019-0006 tag=[evm.TU.supercontig_79.59|Cpapaya] markov-order=3
 11  >id=0019-0011 tag=[cassava4.1_019934m.g|Mesculenta] markov-order=3
 13  >id=0019-0013 tag=[POPTR_0019s05440|Ptrichocarpa] markov-order=3
 16  >id=0019-0016 tag=[Carubv10021201m.g|Crubella] markov-order=3
 18  >id=0019-0018 tag=[Lus10020271.g|Lusitatissimum] markov-order=3

Average number of iterations per run: 367.97
Number of runs: 2554
Preprocessing CPU time (in seconds): 0.00
Sampling-step CPU time (in seconds): 295.13
Postprocessing CPU time (in seconds): 0.00
Total elapsed CPU time (in seconds): 295.13

