Compiled on Nov 21 2012 14:22:10

ChangeLog
Version 2.2.0
20100609. PSP mode
20100527. Allow for multiple consecutive > in the header
20081128. ZOOPS mode is allow to have sequences that are shorter than span
20081115. Modified the chooseBestSite routine to use P(Y_i > 0)
20080807. Code cleanup for GIMSAN
20080625. Output of background model frequency
20080625. Out of range sequence are counted toward char 'X'
20080408. Increased span-capacity and fixed bug where span may be larger than minimum seqlen.

/home/yzolotarov/gimsan_cmdline/gibbsmarkov/gibbsmarkov.out /home/yzolotarov/gimsan_cmdline/20121121_KS_dehydrins_promoters_dicots.fas//nullset/null-00008.fa -l 8 -gibbsamp -best_clr -cput 300 -L 200 -ds -zoops 0.200000 -markov 5 -p 0.05 -em 0 

Filename: /home/yzolotarov/gimsan_cmdline/20121121_KS_dehydrins_promoters_dicots.fas//nullset/null-00008.fa
Number of sequences: 20
Total residues: 20000
Average sequence length: 1000.0
Minimum sequence length: 1000
Maximum sequence length: 1000
Include reverse-complement: yes
Span: 8
Random seed: 1353527401

Number of motifs to be printed: 1

Stopping criterion: CPU-time
CPU time in seconds: 300

Rapid convergence: on
Iterations plateau (-L): 200
Number of trial iterations: 5
Phase-shift frequency (-ps): 0.40

Occurrences per sequence: Bayesian ZOOPS
Bayesian ZOOPS pseudoweight: 0.20

Pseudo-weight (-p): 0.05
Sampling Technique: Gibbs Sampler

Order of Markov background (-markov): 5
Markov background model: GibbsMarkov
Background dimension: Aggregate
Background file (-bfile): /home/yzolotarov/gimsan_cmdline/20121121_KS_dehydrins_promoters_dicots.fas//nullset/null-00008.fa
Position-specific prior file (-psp): none

Scoring scheme: CLR
EM iterations (-em): 0

Input FASTA freq of A: 0.3479
Input FASTA freq of C: 0.1521
Input FASTA freq of G: 0.1521
Input FASTA freq of T: 0.3479

Background model freq of A: 0.3479
Background model freq of C: 0.1521
Background model freq of G: 0.1521
Background model freq of T: 0.3479


All of the following scores are computed after EM (if applicable).
Log Markovian-ILR generated from sites without pseudocount: 22.53
Log Markovian-CLR generated from sites without pseudocount: 13.96
Log(CLR) normalized by number of sequences: 0.6982
Score for ranking runs: 13.96

Motif profile generated from sites:
Pos  [ 0]  [ 1]  [ 2]  [ 3]  [ 4]  [ 5]  [ 6]  [ 7] 
A    0.00  0.00  0.30  0.00  1.00  0.00  0.00  0.00 
C    0.00  0.40  0.00  0.00  0.00  0.00  0.00  0.00 
G    1.00  0.00  0.40  0.10  0.00  1.00  0.20  1.00 
T    0.00  0.60  0.30  0.90  0.00  0.00  0.80  0.00 

Flanking regions:
Pos  [-5]  [-4]  [-3]  [-2]  [-1]   ||   [ 8]  [ 9]  [10]  [11]  [12] 
A    0.30  0.00  0.40  0.60  0.40   ||   0.50  0.10  0.50  0.50  0.40 
C    0.20  0.20  0.20  0.10  0.10   ||   0.00  0.20  0.20  0.00  0.30 
G    0.10  0.10  0.00  0.10  0.20   ||   0.00  0.10  0.20  0.30  0.10 
T    0.40  0.70  0.40  0.20  0.30   ||   0.50  0.60  0.10  0.20  0.20 
X    0.00  0.00  0.00  0.00  0.00   ||   0.00  0.00  0.00  0.00  0.00 

Motif span: 8
Motif weight/width: 8
Consensus motif: GTNTAGTG
Number of predicted sites: 10 (50.00%)

Sequence range is from 0 to (number of sequences - 1).
Motif sites are in range 1 to length or -1 to -length.
Sequence   0: motif site   none  (  none)
Sequence   1: motif site   none  (  none)
Sequence   2: motif site   none  (  none)
Sequence   3: motif site    345  (  -352)
Sequence   4: motif site   none  (  none)
Sequence   5: motif site    765  (  -772)
Sequence   6: motif site   -480  (   473)
Sequence   7: motif site   none  (  none)
Sequence   8: motif site   -175  (   168)
Sequence   9: motif site   none  (  none)
Sequence  10: motif site   none  (  none)
Sequence  11: motif site     47  (   -54)
Sequence  12: motif site    357  (  -364)
Sequence  13: motif site   -980  (   973)
Sequence  14: motif site   none  (  none)
Sequence  15: motif site   none  (  none)
Sequence  16: motif site   none  (  none)
Sequence  17: motif site    119  (  -126)
Sequence  18: motif site   -748  (   741)
Sequence  19: motif site   -453  (   446)

Alignments and FASTA-headers:
  3   ccaaa    345 GTGTAGTG 352    ataac  (+) Score=   3.715  >id=0008-0003 tag=[Glyma16g04200|Gmax] markov-order=3
  5   attaa    765 GCTTAGTG 772    tcaat  (+) Score=   3.967  >id=0008-0005 tag=[evm.TU.supercontig_161.14|Cpapaya] markov-order=3
  6   attag    480 GCATAGTG 473    taaaa  (-) Score=   1.721  >id=0008-0006 tag=[evm.TU.supercontig_79.59|Cpapaya] markov-order=3
  8   ttcta    175 GCATAGGG 168    acata  (-) Score=   2.040  >id=0008-0008 tag=[Cucsa.338040|Csativus] markov-order=3
 11   tcatt     47 GTATAGTG 54     attgc  (+) Score=   2.638  >id=0008-0011 tag=[cassava4.1_019934m.g|Mesculenta] markov-order=3
 12   cttaa    357 GTTTAGTG 364    ttgta  (+) Score=   1.429  >id=0008-0012 tag=[cassava4.1_019931m.g|Mesculenta] markov-order=3
 13   tgcag    980 GTGTAGGG 973    tgagg  (-) Score=   0.740  >id=0008-0013 tag=[POPTR_0019s05440|Ptrichocarpa] markov-order=3
 17   ttacc    119 GTTGAGTG 126    ttcat  (+) Score=   2.072  >id=0008-0017 tag=[Aquca_004_00603|Acoerulea] markov-order=3
 18   gttat    748 GCGTAGTG 741    atgga  (-) Score=   1.369  >id=0008-0018 tag=[Lus10020271.g|Lusitatissimum] markov-order=3
 19   atagt    453 GTGTAGTG 446    atcac  (-) Score=   2.568  >id=0008-0019 tag=[Phvulv091017297m.g|Pvulgaris] markov-order=3

FASTA-header of sequences with zero occurrences:
  0  >id=0008-0000 tag=[COLD47OA_04_1621bp_1170prom] markov-order=3
  1  >id=0008-0001 tag=[Glyma16g04190|Gmax] markov-order=3
  2  >id=0008-0002 tag=[474716|Alyrata] markov-order=3
  4  >id=0008-0004 tag=[Glyma19g29210|Gmax] markov-order=3
  7  >id=0008-0007 tag=[30072.t000037|Rcommunis] markov-order=3
  9  >id=0008-0009 tag=[Medtr7g103100|Mtruncatula] markov-order=3
 10  >id=0008-0010 tag=[mgv1a016787m.g|Mguttatus] markov-order=3
 14  >id=0008-0014 tag=[AT1G54410|Athaliana] markov-order=3
 15  >id=0008-0015 tag=[Thhalv10023775m.g|Thalophila] markov-order=3
 16  >id=0008-0016 tag=[Carubv10021201m.g|Crubella] markov-order=3

Average number of iterations per run: 363.84
Number of runs: 2604
Preprocessing CPU time (in seconds): 0.00
Sampling-step CPU time (in seconds): 295.12
Postprocessing CPU time (in seconds): 0.00
Total elapsed CPU time (in seconds): 295.12

