Compiled on Nov 21 2012 14:22:10

ChangeLog
Version 2.2.0
20100609. PSP mode
20100527. Allow for multiple consecutive > in the header
20081128. ZOOPS mode is allow to have sequences that are shorter than span
20081115. Modified the chooseBestSite routine to use P(Y_i > 0)
20080807. Code cleanup for GIMSAN
20080625. Output of background model frequency
20080625. Out of range sequence are counted toward char 'X'
20080408. Increased span-capacity and fixed bug where span may be larger than minimum seqlen.

/home/yzolotarov/gimsan_cmdline/gibbsmarkov/gibbsmarkov.out /home/yzolotarov/gimsan_cmdline/20121121_KS_dehydrins_promoters_dicots.fas//nullset/null-00003.fa -l 8 -gibbsamp -best_clr -cput 300 -L 200 -ds -zoops 0.200000 -markov 5 -p 0.05 -em 0 

Filename: /home/yzolotarov/gimsan_cmdline/20121121_KS_dehydrins_promoters_dicots.fas//nullset/null-00003.fa
Number of sequences: 20
Total residues: 20000
Average sequence length: 1000.0
Minimum sequence length: 1000
Maximum sequence length: 1000
Include reverse-complement: yes
Span: 8
Random seed: 1353526515

Number of motifs to be printed: 1

Stopping criterion: CPU-time
CPU time in seconds: 300

Rapid convergence: on
Iterations plateau (-L): 200
Number of trial iterations: 5
Phase-shift frequency (-ps): 0.40

Occurrences per sequence: Bayesian ZOOPS
Bayesian ZOOPS pseudoweight: 0.20

Pseudo-weight (-p): 0.05
Sampling Technique: Gibbs Sampler

Order of Markov background (-markov): 5
Markov background model: GibbsMarkov
Background dimension: Aggregate
Background file (-bfile): /home/yzolotarov/gimsan_cmdline/20121121_KS_dehydrins_promoters_dicots.fas//nullset/null-00003.fa
Position-specific prior file (-psp): none

Scoring scheme: CLR
EM iterations (-em): 0

Input FASTA freq of A: 0.3487
Input FASTA freq of C: 0.1513
Input FASTA freq of G: 0.1513
Input FASTA freq of T: 0.3487

Background model freq of A: 0.3487
Background model freq of C: 0.1513
Background model freq of G: 0.1513
Background model freq of T: 0.3487


All of the following scores are computed after EM (if applicable).
Log Markovian-ILR generated from sites without pseudocount: 19.89
Log Markovian-CLR generated from sites without pseudocount: 11.74
Log(CLR) normalized by number of sequences: 0.5872
Score for ranking runs: 11.74

Motif profile generated from sites:
Pos  [ 0]  [ 1]  [ 2]  [ 3]  [ 4]  [ 5]  [ 6]  [ 7] 
A    1.00  0.00  0.00  0.00  0.00  0.62  0.00  1.00 
C    0.00  0.00  0.00  0.00  0.75  0.00  0.50  0.00 
G    0.00  1.00  0.00  1.00  0.25  0.00  0.50  0.00 
T    0.00  0.00  1.00  0.00  0.00  0.38  0.00  0.00 

Flanking regions:
Pos  [-5]  [-4]  [-3]  [-2]  [-1]   ||   [ 8]  [ 9]  [10]  [11]  [12] 
A    0.50  0.50  0.38  0.50  0.62   ||   0.25  0.38  0.25  0.38  0.50 
C    0.12  0.12  0.25  0.25  0.12   ||   0.38  0.00  0.25  0.00  0.12 
G    0.12  0.12  0.25  0.12  0.12   ||   0.00  0.00  0.25  0.12  0.00 
T    0.25  0.25  0.12  0.12  0.12   ||   0.38  0.62  0.25  0.50  0.38 
X    0.00  0.00  0.00  0.00  0.00   ||   0.00  0.00  0.00  0.00  0.00 

Motif span: 8
Motif weight/width: 8
Consensus motif: AGTGCANA
Number of predicted sites: 8 (40.00%)

Sequence range is from 0 to (number of sequences - 1).
Motif sites are in range 1 to length or -1 to -length.
Sequence   0: motif site   none  (  none)
Sequence   1: motif site   -658  (   651)
Sequence   2: motif site    271  (  -278)
Sequence   3: motif site   none  (  none)
Sequence   4: motif site    413  (  -420)
Sequence   5: motif site    592  (  -599)
Sequence   6: motif site   none  (  none)
Sequence   7: motif site    512  (  -519)
Sequence   8: motif site     54  (   -61)
Sequence   9: motif site   none  (  none)
Sequence  10: motif site   none  (  none)
Sequence  11: motif site   none  (  none)
Sequence  12: motif site    -82  (    75)
Sequence  13: motif site   none  (  none)
Sequence  14: motif site   none  (  none)
Sequence  15: motif site   none  (  none)
Sequence  16: motif site   none  (  none)
Sequence  17: motif site    349  (  -356)
Sequence  18: motif site   none  (  none)
Sequence  19: motif site   none  (  none)

Alignments and FASTA-headers:
  1   gagaa    658 AGTGCAGA 651    ttttt  (-) Score=   1.658  >id=0003-0001 tag=[Glyma16g04190|Gmax] markov-order=3
  2   ctatt    271 AGTGCACA 278    ttcga  (+) Score=   4.509  >id=0003-0002 tag=[474716|Alyrata] markov-order=3
  4   tcgga    413 AGTGCTCA 420    tttaa  (+) Score=   3.028  >id=0003-0004 tag=[Glyma19g29210|Gmax] markov-order=3
  5   aacaa    592 AGTGGTCA 599    cagtt  (+) Score=   1.882  >id=0003-0005 tag=[evm.TU.supercontig_161.14|Cpapaya] markov-order=3
  7   attca    512 AGTGGACA 519    ctcaa  (+) Score=   3.399  >id=0003-0007 tag=[30072.t000037|Rcommunis] markov-order=3
  8   aaaag     54 AGTGCTGA 61     atatc  (+) Score=   2.321  >id=0003-0008 tag=[Cucsa.338040|Csativus] markov-order=3
 12   tacaa     82 AGTGCAGA 75     aagat  (-) Score=   0.916  >id=0003-0012 tag=[cassava4.1_019931m.g|Mesculenta] markov-order=3
 17   agacc    349 AGTGCAGA 356    caata  (+) Score=   2.027  >id=0003-0017 tag=[Aquca_004_00603|Acoerulea] markov-order=3

FASTA-header of sequences with zero occurrences:
  0  >id=0003-0000 tag=[COLD47OA_04_1621bp_1170prom] markov-order=3
  3  >id=0003-0003 tag=[Glyma16g04200|Gmax] markov-order=3
  6  >id=0003-0006 tag=[evm.TU.supercontig_79.59|Cpapaya] markov-order=3
  9  >id=0003-0009 tag=[Medtr7g103100|Mtruncatula] markov-order=3
 10  >id=0003-0010 tag=[mgv1a016787m.g|Mguttatus] markov-order=3
 11  >id=0003-0011 tag=[cassava4.1_019934m.g|Mesculenta] markov-order=3
 13  >id=0003-0013 tag=[POPTR_0019s05440|Ptrichocarpa] markov-order=3
 14  >id=0003-0014 tag=[AT1G54410|Athaliana] markov-order=3
 15  >id=0003-0015 tag=[Thhalv10023775m.g|Thalophila] markov-order=3
 16  >id=0003-0016 tag=[Carubv10021201m.g|Crubella] markov-order=3
 18  >id=0003-0018 tag=[Lus10020271.g|Lusitatissimum] markov-order=3
 19  >id=0003-0019 tag=[Phvulv091017297m.g|Pvulgaris] markov-order=3

Average number of iterations per run: 360.81
Number of runs: 2627
Preprocessing CPU time (in seconds): 0.00
Sampling-step CPU time (in seconds): 295.02
Postprocessing CPU time (in seconds): 0.01
Total elapsed CPU time (in seconds): 295.03

