Compiled on Nov 21 2012 14:22:10

ChangeLog
Version 2.2.0
20100609. PSP mode
20100527. Allow for multiple consecutive > in the header
20081128. ZOOPS mode is allow to have sequences that are shorter than span
20081115. Modified the chooseBestSite routine to use P(Y_i > 0)
20080807. Code cleanup for GIMSAN
20080625. Output of background model frequency
20080625. Out of range sequence are counted toward char 'X'
20080408. Increased span-capacity and fixed bug where span may be larger than minimum seqlen.

/home/yzolotarov/gimsan_cmdline/gibbsmarkov/gibbsmarkov.out /home/yzolotarov/gimsan_cmdline/20121121_KS_dehydrins_promoters_dicots.fas//nullset/null-00013.fa -l 8 -gibbsamp -best_clr -cput 300 -L 200 -ds -zoops 0.200000 -markov 5 -p 0.05 -em 0 

Filename: /home/yzolotarov/gimsan_cmdline/20121121_KS_dehydrins_promoters_dicots.fas//nullset/null-00013.fa
Number of sequences: 20
Total residues: 20000
Average sequence length: 1000.0
Minimum sequence length: 1000
Maximum sequence length: 1000
Include reverse-complement: yes
Span: 8
Random seed: 1353527992

Number of motifs to be printed: 1

Stopping criterion: CPU-time
CPU time in seconds: 300

Rapid convergence: on
Iterations plateau (-L): 200
Number of trial iterations: 5
Phase-shift frequency (-ps): 0.40

Occurrences per sequence: Bayesian ZOOPS
Bayesian ZOOPS pseudoweight: 0.20

Pseudo-weight (-p): 0.05
Sampling Technique: Gibbs Sampler

Order of Markov background (-markov): 5
Markov background model: GibbsMarkov
Background dimension: Aggregate
Background file (-bfile): /home/yzolotarov/gimsan_cmdline/20121121_KS_dehydrins_promoters_dicots.fas//nullset/null-00013.fa
Position-specific prior file (-psp): none

Scoring scheme: CLR
EM iterations (-em): 0

Input FASTA freq of A: 0.3501
Input FASTA freq of C: 0.1499
Input FASTA freq of G: 0.1499
Input FASTA freq of T: 0.3501

Background model freq of A: 0.3501
Background model freq of C: 0.1499
Background model freq of G: 0.1499
Background model freq of T: 0.3501


All of the following scores are computed after EM (if applicable).
Log Markovian-ILR generated from sites without pseudocount: 19.08
Log Markovian-CLR generated from sites without pseudocount: 12.99
Log(CLR) normalized by number of sequences: 0.6495
Score for ranking runs: 12.99

Motif profile generated from sites:
Pos  [ 0]  [ 1]  [ 2]  [ 3]  [ 4]  [ 5]  [ 6]  [ 7] 
A    0.00  1.00  0.00  0.00  0.00  0.38  0.00  0.00 
C    0.00  0.00  1.00  0.00  0.31  0.06  0.00  0.56 
G    0.00  0.00  0.00  0.00  0.00  0.00  0.00  0.44 
T    1.00  0.00  0.00  1.00  0.69  0.56  1.00  0.00 

Flanking regions:
Pos  [-5]  [-4]  [-3]  [-2]  [-1]   ||   [ 8]  [ 9]  [10]  [11]  [12] 
A    0.38  0.12  0.44  0.38  0.31   ||   0.50  0.38  0.69  0.50  0.25 
C    0.12  0.19  0.06  0.12  0.06   ||   0.06  0.12  0.06  0.06  0.12 
G    0.31  0.19  0.12  0.06  0.38   ||   0.12  0.12  0.00  0.06  0.19 
T    0.19  0.50  0.38  0.44  0.25   ||   0.31  0.38  0.25  0.38  0.44 
X    0.00  0.00  0.00  0.00  0.00   ||   0.00  0.00  0.00  0.00  0.00 

Motif span: 8
Motif weight/width: 8
Consensus motif: TACTTTTC
Number of predicted sites: 16 (80.00%)

Sequence range is from 0 to (number of sequences - 1).
Motif sites are in range 1 to length or -1 to -length.
Sequence   0: motif site   -856  (   849)
Sequence   1: motif site   -656  (   649)
Sequence   2: motif site     44  (   -51)
Sequence   3: motif site   none  (  none)
Sequence   4: motif site   -833  (   826)
Sequence   5: motif site   -735  (   728)
Sequence   6: motif site    436  (  -443)
Sequence   7: motif site   none  (  none)
Sequence   8: motif site    739  (  -746)
Sequence   9: motif site    720  (  -727)
Sequence  10: motif site   none  (  none)
Sequence  11: motif site   -841  (   834)
Sequence  12: motif site    595  (  -602)
Sequence  13: motif site   none  (  none)
Sequence  14: motif site    486  (  -493)
Sequence  15: motif site    643  (  -650)
Sequence  16: motif site    -62  (    55)
Sequence  17: motif site    203  (  -210)
Sequence  18: motif site    637  (  -644)
Sequence  19: motif site    112  (  -119)

Alignments and FASTA-headers:
  0   atttt    856 TACTTATG 849    gcaaa  (-) Score=   0.633  >id=0013-0000 tag=[COLD47OA_04_1621bp_1170prom] markov-order=3
  1   ccaca    656 TACTTTTC 649    ttaag  (-) Score=   1.348  >id=0013-0001 tag=[Glyma16g04190|Gmax] markov-order=3
  2   ttaaa     44 TACTTTTG 51     ttcct  (+) Score=   1.246  >id=0013-0002 tag=[474716|Alyrata] markov-order=3
  4   agttg    833 TACTCATG 826    tgttt  (-) Score=  -0.377  >id=0013-0004 tag=[Glyma19g29210|Gmax] markov-order=3
  5   atagg    735 TACTTTTC 728    aaagg  (-) Score=   1.174  >id=0013-0005 tag=[evm.TU.supercontig_161.14|Cpapaya] markov-order=3
  6   gcgtg    436 TACTTTTG 443    acatt  (+) Score=   0.345  >id=0013-0006 tag=[evm.TU.supercontig_79.59|Cpapaya] markov-order=3
  8   gtctg    739 TACTTTTG 746    taaat  (+) Score=   1.021  >id=0013-0008 tag=[Cucsa.338040|Csativus] markov-order=3
  9   atatt    720 TACTTTTC 727    atttt  (+) Score=   0.845  >id=0013-0009 tag=[Medtr7g103100|Mtruncatula] markov-order=3
 11   cttac    841 TACTCTTG 834    ttaat  (-) Score=   2.752  >id=0013-0011 tag=[cassava4.1_019934m.g|Mesculenta] markov-order=3
 12   attta    595 TACTCTTC 602    ctaaa  (+) Score=   0.565  >id=0013-0012 tag=[cassava4.1_019931m.g|Mesculenta] markov-order=3
 14   agtat    486 TACTTATC 493    aaaaa  (+) Score=   1.059  >id=0013-0014 tag=[AT1G54410|Athaliana] markov-order=3
 15   gaaag    643 TACTTATG 650    aattc  (+) Score=   2.362  >id=0013-0015 tag=[Thhalv10023775m.g|Thalophila] markov-order=3
 16   tggaa     62 TACTCCTC 55     agata  (-) Score=   0.935  >id=0013-0016 tag=[Carubv10021201m.g|Crubella] markov-order=3
 17   gaaaa    203 TACTTATC 210    ataag  (+) Score=   1.898  >id=0013-0017 tag=[Aquca_004_00603|Acoerulea] markov-order=3
 18   gtttt    637 TACTCTTC 644    aaaac  (+) Score=   1.493  >id=0013-0018 tag=[Lus10020271.g|Lusitatissimum] markov-order=3
 19   tcacg    112 TACTTATC 119    gattt  (+) Score=   1.225  >id=0013-0019 tag=[Phvulv091017297m.g|Pvulgaris] markov-order=3

FASTA-header of sequences with zero occurrences:
  3  >id=0013-0003 tag=[Glyma16g04200|Gmax] markov-order=3
  7  >id=0013-0007 tag=[30072.t000037|Rcommunis] markov-order=3
 10  >id=0013-0010 tag=[mgv1a016787m.g|Mguttatus] markov-order=3
 13  >id=0013-0013 tag=[POPTR_0019s05440|Ptrichocarpa] markov-order=3

Average number of iterations per run: 359.59
Number of runs: 2597
Preprocessing CPU time (in seconds): 0.00
Sampling-step CPU time (in seconds): 295.09
Postprocessing CPU time (in seconds): 0.00
Total elapsed CPU time (in seconds): 295.09

