Compiled on Nov 21 2012 14:22:10

ChangeLog
Version 2.2.0
20100609. PSP mode
20100527. Allow for multiple consecutive > in the header
20081128. ZOOPS mode is allow to have sequences that are shorter than span
20081115. Modified the chooseBestSite routine to use P(Y_i > 0)
20080807. Code cleanup for GIMSAN
20080625. Output of background model frequency
20080625. Out of range sequence are counted toward char 'X'
20080408. Increased span-capacity and fixed bug where span may be larger than minimum seqlen.

/home/yzolotarov/gimsan_cmdline/gibbsmarkov/gibbsmarkov.out /home/yzolotarov/gimsan_cmdline/20121121_KS_dehydrins_promoters_dicots.fas//nullset/null-00015.fa -l 8 -gibbsamp -best_clr -cput 300 -L 200 -ds -zoops 0.200000 -markov 5 -p 0.05 -em 0 

Filename: /home/yzolotarov/gimsan_cmdline/20121121_KS_dehydrins_promoters_dicots.fas//nullset/null-00015.fa
Number of sequences: 20
Total residues: 20000
Average sequence length: 1000.0
Minimum sequence length: 1000
Maximum sequence length: 1000
Include reverse-complement: yes
Span: 8
Random seed: 1353528287

Number of motifs to be printed: 1

Stopping criterion: CPU-time
CPU time in seconds: 300

Rapid convergence: on
Iterations plateau (-L): 200
Number of trial iterations: 5
Phase-shift frequency (-ps): 0.40

Occurrences per sequence: Bayesian ZOOPS
Bayesian ZOOPS pseudoweight: 0.20

Pseudo-weight (-p): 0.05
Sampling Technique: Gibbs Sampler

Order of Markov background (-markov): 5
Markov background model: GibbsMarkov
Background dimension: Aggregate
Background file (-bfile): /home/yzolotarov/gimsan_cmdline/20121121_KS_dehydrins_promoters_dicots.fas//nullset/null-00015.fa
Position-specific prior file (-psp): none

Scoring scheme: CLR
EM iterations (-em): 0

Input FASTA freq of A: 0.3483
Input FASTA freq of C: 0.1517
Input FASTA freq of G: 0.1517
Input FASTA freq of T: 0.3483

Background model freq of A: 0.3483
Background model freq of C: 0.1517
Background model freq of G: 0.1517
Background model freq of T: 0.3483


All of the following scores are computed after EM (if applicable).
Log Markovian-ILR generated from sites without pseudocount: 22.44
Log Markovian-CLR generated from sites without pseudocount: 13.96
Log(CLR) normalized by number of sequences: 0.6981
Score for ranking runs: 13.96

Motif profile generated from sites:
Pos  [ 0]  [ 1]  [ 2]  [ 3]  [ 4]  [ 5]  [ 6]  [ 7] 
A    0.00  0.00  0.00  0.09  1.00  0.00  0.00  0.00 
C    0.00  0.00  0.73  0.09  0.00  0.00  0.00  0.18 
G    0.91  0.00  0.27  0.00  0.00  0.00  0.91  0.73 
T    0.09  1.00  0.00  0.82  0.00  1.00  0.09  0.09 

Flanking regions:
Pos  [-5]  [-4]  [-3]  [-2]  [-1]   ||   [ 8]  [ 9]  [10]  [11]  [12] 
A    0.36  0.27  0.18  0.45  0.45   ||   0.27  0.45  0.36  0.73  0.36 
C    0.36  0.09  0.09  0.00  0.00   ||   0.09  0.09  0.09  0.09  0.09 
G    0.09  0.09  0.36  0.09  0.18   ||   0.00  0.27  0.18  0.00  0.09 
T    0.09  0.45  0.27  0.45  0.36   ||   0.64  0.18  0.36  0.18  0.45 
X    0.09  0.09  0.09  0.00  0.00   ||   0.00  0.00  0.00  0.00  0.00 

Motif span: 8
Motif weight/width: 8
Consensus motif: GTCTATGG
Number of predicted sites: 11 (55.00%)

Sequence range is from 0 to (number of sequences - 1).
Motif sites are in range 1 to length or -1 to -length.
Sequence   0: motif site   none  (  none)
Sequence   1: motif site     47  (   -54)
Sequence   2: motif site      3  (   -10)
Sequence   3: motif site   none  (  none)
Sequence   4: motif site   none  (  none)
Sequence   5: motif site   -143  (   136)
Sequence   6: motif site   none  (  none)
Sequence   7: motif site   none  (  none)
Sequence   8: motif site     35  (   -42)
Sequence   9: motif site    930  (  -937)
Sequence  10: motif site   none  (  none)
Sequence  11: motif site   -188  (   181)
Sequence  12: motif site   none  (  none)
Sequence  13: motif site   -846  (   839)
Sequence  14: motif site   -816  (   809)
Sequence  15: motif site    111  (  -118)
Sequence  16: motif site    886  (  -893)
Sequence  17: motif site   none  (  none)
Sequence  18: motif site   none  (  none)
Sequence  19: motif site    958  (  -965)

Alignments and FASTA-headers:
  1   catta     47 GTCTATGG 54     tggat  (+) Score=   3.069  >id=0015-0001 tag=[Glyma16g04190|Gmax] markov-order=3
  2      tt      3 GTCTATGT 10     taaat  (+) Score=   1.408  >id=0015-0002 tag=[474716|Alyrata] markov-order=3
  5   aaaaa    143 GTGTATGG 136    tataa  (-) Score=   2.433  >id=0015-0005 tag=[evm.TU.supercontig_161.14|Cpapaya] markov-order=3
  8   ctcaa     35 GTGTATGC 42     ttaat  (+) Score=   1.700  >id=0015-0008 tag=[Cucsa.338040|Csativus] markov-order=3
  9   ctgag    930 GTCAATGG 937    atttt  (+) Score=   1.972  >id=0015-0009 tag=[Medtr7g103100|Mtruncatula] markov-order=3
 11   ttttt    188 GTGTATGG 181    aataa  (-) Score=   3.553  >id=0015-0011 tag=[cassava4.1_019934m.g|Mesculenta] markov-order=3
 13   aaaga    846 GTCTATTG 839    aagaa  (-) Score=   1.773  >id=0015-0013 tag=[POPTR_0019s05440|Ptrichocarpa] markov-order=3
 14   gcgat    816 GTCTATGC 809    tattg  (-) Score=   1.882  >id=0015-0014 tag=[AT1G54410|Athaliana] markov-order=3
 15   aggaa    111 TTCTATGG 118    tgaat  (+) Score=   0.902  >id=0015-0015 tag=[Thhalv10023775m.g|Thalophila] markov-order=3
 16   atgtg    886 GTCTATGG 893    cccac  (+) Score=   1.621  >id=0015-0016 tag=[Carubv10021201m.g|Crubella] markov-order=3
 19   ctttt    958 GTCCATGG 965    tgaca  (+) Score=   1.870  >id=0015-0019 tag=[Phvulv091017297m.g|Pvulgaris] markov-order=3

FASTA-header of sequences with zero occurrences:
  0  >id=0015-0000 tag=[COLD47OA_04_1621bp_1170prom] markov-order=3
  3  >id=0015-0003 tag=[Glyma16g04200|Gmax] markov-order=3
  4  >id=0015-0004 tag=[Glyma19g29210|Gmax] markov-order=3
  6  >id=0015-0006 tag=[evm.TU.supercontig_79.59|Cpapaya] markov-order=3
  7  >id=0015-0007 tag=[30072.t000037|Rcommunis] markov-order=3
 10  >id=0015-0010 tag=[mgv1a016787m.g|Mguttatus] markov-order=3
 12  >id=0015-0012 tag=[cassava4.1_019931m.g|Mesculenta] markov-order=3
 17  >id=0015-0017 tag=[Aquca_004_00603|Acoerulea] markov-order=3
 18  >id=0015-0018 tag=[Lus10020271.g|Lusitatissimum] markov-order=3

Average number of iterations per run: 361.00
Number of runs: 2625
Preprocessing CPU time (in seconds): 0.00
Sampling-step CPU time (in seconds): 295.03
Postprocessing CPU time (in seconds): 0.00
Total elapsed CPU time (in seconds): 295.03

